  LCD1602.c
C:\Users\15801\Desktop\hello_C\作业\temperature\temperature\temperature.h(3,10): fatal  error C1083: 无法打开包括文件: “avr/io.h”: No such file or directory
  test.c
C:\Users\15801\Desktop\hello_C\作业\temperature\temperature\test.c(17,7): error C2065: “DDRA”: 未声明的标识符
C:\Users\15801\Desktop\hello_C\作业\temperature\temperature\test.c(18,7): error C2065: “DDRB”: 未声明的标识符
C:\Users\15801\Desktop\hello_C\作业\temperature\temperature\test.c(18,21): error C2065: “PORTB”: 未声明的标识符
C:\Users\15801\Desktop\hello_C\作业\temperature\temperature\test.c(19,7): error C2065: “DDRC”: 未声明的标识符
C:\Users\15801\Desktop\hello_C\作业\temperature\temperature\test.c(20,7): error C2065: “DDRD”: 未声明的标识符
C:\Users\15801\Desktop\hello_C\作业\temperature\temperature\test.c(22,2): warning C4013: “Initialize_LCD”未定义；假设外部返回 int
C:\Users\15801\Desktop\hello_C\作业\temperature\temperature\test.c(24,2): warning C4013: “LCD_ShowString”未定义；假设外部返回 int
C:\Users\15801\Desktop\hello_C\作业\temperature\temperature\test.c(27,2): warning C4013: “Read_Temperature”未定义；假设外部返回 int
C:\Users\15801\Desktop\hello_C\作业\temperature\temperature\test.c(28,2): warning C4013: “_delay_ms”未定义；假设外部返回 int
C:\Users\15801\Desktop\hello_C\作业\temperature\temperature\test.c(35,21): error C2065: “DS18B20_ERROR”: 未声明的标识符
C:\Users\15801\Desktop\hello_C\作业\temperature\temperature\test.c(38,4): warning C4013: “Temperature_Convert”未定义；假设外部返回 int
C:\Users\15801\Desktop\hello_C\作业\temperature\temperature\test.c(40,4): warning C4013: “Disp_Temperature”未定义；假设外部返回 int
C:\Users\15801\Desktop\hello_C\作业\temperature\temperature\test.c(44,19): error C2065: “temperature”: 未声明的标识符
C:\Users\15801\Desktop\hello_C\作业\temperature\temperature\test.c(44,40): error C2065: “temperature”: 未声明的标识符
C:\Users\15801\Desktop\hello_C\作业\temperature\temperature\test.c(47,13): error C2065: “time”: 未声明的标识符
C:\Users\15801\Desktop\hello_C\作业\temperature\temperature\test.c(49,11): error C2065: “PORTA”: 未声明的标识符
C:\Users\15801\Desktop\hello_C\作业\temperature\temperature\test.c(49,13): warning C4013: “_BV”未定义；假设外部返回 int
C:\Users\15801\Desktop\hello_C\作业\temperature\temperature\test.c(49,20): error C2065: “PA1”: 未声明的标识符
C:\Users\15801\Desktop\hello_C\作业\temperature\temperature\test.c(52,18): error C2065: “terminal_flag”: 未声明的标识符
C:\Users\15801\Desktop\hello_C\作业\temperature\temperature\test.c(53,23): error C2065: “terminal_flag”: 未声明的标识符
C:\Users\15801\Desktop\hello_C\作业\temperature\temperature\test.c(55,20): error C2065: “terminal_flag”: 未声明的标识符
C:\Users\15801\Desktop\hello_C\作业\temperature\temperature\test.c(56,10): error C2065: “time”: 未声明的标识符
C:\Users\15801\Desktop\hello_C\作业\temperature\temperature\test.c(59,11): error C2065: “time1”: 未声明的标识符
C:\Users\15801\Desktop\hello_C\作业\temperature\temperature\test.c(59,18): error C2065: “time”: 未声明的标识符
C:\Users\15801\Desktop\hello_C\作业\temperature\temperature\test.c(60,11): error C2065: “time2”: 未声明的标识符
C:\Users\15801\Desktop\hello_C\作业\temperature\temperature\test.c(60,18): error C2065: “time”: 未声明的标识符
C:\Users\15801\Desktop\hello_C\作业\temperature\temperature\test.c(61,11): error C2065: “time3”: 未声明的标识符
C:\Users\15801\Desktop\hello_C\作业\temperature\temperature\test.c(61,18): error C2065: “time”: 未声明的标识符
C:\Users\15801\Desktop\hello_C\作业\temperature\temperature\test.c(62,11): error C2065: “time4”: 未声明的标识符
C:\Users\15801\Desktop\hello_C\作业\temperature\temperature\test.c(62,18): error C2065: “time”: 未声明的标识符
C:\Users\15801\Desktop\hello_C\作业\temperature\temperature\test.c(64,13): error C2065: “dis_time”: 未声明的标识符
C:\Users\15801\Desktop\hello_C\作业\temperature\temperature\test.c(64,15): error C2109: 下标要求数组或指针类型
C:\Users\15801\Desktop\hello_C\作业\temperature\temperature\test.c(64,25): error C2065: “time1”: 未声明的标识符
C:\Users\15801\Desktop\hello_C\作业\temperature\temperature\test.c(65,13): error C2065: “dis_time”: 未声明的标识符
C:\Users\15801\Desktop\hello_C\作业\temperature\temperature\test.c(65,15): error C2109: 下标要求数组或指针类型
C:\Users\15801\Desktop\hello_C\作业\temperature\temperature\test.c(65,25): error C2065: “time2”: 未声明的标识符
C:\Users\15801\Desktop\hello_C\作业\temperature\temperature\test.c(66,13): error C2065: “dis_time”: 未声明的标识符
C:\Users\15801\Desktop\hello_C\作业\temperature\temperature\test.c(66,15): error C2109: 下标要求数组或指针类型
C:\Users\15801\Desktop\hello_C\作业\temperature\temperature\test.c(66,25): error C2065: “time3”: 未声明的标识符
C:\Users\15801\Desktop\hello_C\作业\temperature\temperature\test.c(67,13): error C2065: “dis_time”: 未声明的标识符
C:\Users\15801\Desktop\hello_C\作业\temperature\temperature\test.c(67,15): error C2109: 下标要求数组或指针类型
C:\Users\15801\Desktop\hello_C\作业\temperature\temperature\test.c(67,25): error C2065: “time4”: 未声明的标识符
C:\Users\15801\Desktop\hello_C\作业\temperature\temperature\test.c(68,35): error C2065: “dis_time”: 未声明的标识符
C:\Users\15801\Desktop\hello_C\作业\temperature\temperature\test.c(72,11): error C2065: “PORTA”: 未声明的标识符
C:\Users\15801\Desktop\hello_C\作业\temperature\temperature\test.c(72,20): error C2065: “PA0”: 未声明的标识符
C:\Users\15801\Desktop\hello_C\作业\temperature\temperature\test.c(77,19): error C2065: “temperature”: 未声明的标识符
C:\Users\15801\Desktop\hello_C\作业\temperature\temperature\test.c(79,10): error C2065: “PORTA”: 未声明的标识符
C:\Users\15801\Desktop\hello_C\作业\temperature\temperature\test.c(79,19): error C2065: “PA1”: 未声明的标识符
C:\Users\15801\Desktop\hello_C\作业\temperature\temperature\test.c(81,18): error C2065: “terminal_flag”: 未声明的标识符
C:\Users\15801\Desktop\hello_C\作业\temperature\temperature\test.c(82,9): error C2065: “time”: 未声明的标识符
C:\Users\15801\Desktop\hello_C\作业\temperature\temperature\test.c(84,19): error C2065: “temperature”: 未声明的标识符
C:\Users\15801\Desktop\hello_C\作业\temperature\temperature\test.c(86,10): error C2065: “PORTA”: 未声明的标识符
C:\Users\15801\Desktop\hello_C\作业\temperature\temperature\test.c(86,19): error C2065: “PA1”: 未声明的标识符
C:\Users\15801\Desktop\hello_C\作业\temperature\temperature\test.c(88,18): error C2065: “terminal_flag”: 未声明的标识符
C:\Users\15801\Desktop\hello_C\作业\temperature\temperature\test.c(89,9): error C2065: “time”: 未声明的标识符
C:\Users\15801\Desktop\hello_C\作业\temperature\temperature\test.c(91,19): error C2065: “temperature”: 未声明的标识符
C:\Users\15801\Desktop\hello_C\作业\temperature\temperature\test.c(93,10): error C2065: “PORTA”: 未声明的标识符
C:\Users\15801\Desktop\hello_C\作业\temperature\temperature\test.c(93,19): error C2065: “PA0”: 未声明的标识符
C:\Users\15801\Desktop\hello_C\作业\temperature\temperature\test.c(95,18): error C2065: “terminal_flag”: 未声明的标识符
C:\Users\15801\Desktop\hello_C\作业\temperature\temperature\test.c(96,9): error C2065: “time”: 未声明的标识符
  正在生成代码...
